27-Sep-13 16:16:09 FLEETDM-1_DDL_PATCH_TO_CREATE_TABLE_CUSTOMER_LOCATIONS.sql Success
27-Sep-13 16:16:09 FLEETDM-2_DDL_PATCH_FOR_CREATING_FLEET_CUSTOMER_TABLE.sql Success
27-Sep-13 16:16:10 FLEETDM-3_DDL_PATCH_FOR_CREATING_CUSTOMER_CONTACT_TABLE.sql Success
27-Sep-13 16:16:10 FLEETDM-4_DDL_PATCH_TO_CREATE_CUSTOMER_CONTACTS_TABLE.sql Success
27-Sep-13 16:16:11 FLEETDM-5_DDL_PATCH_FOR_CREATING_TABLE_NUMBER_PATTERN.sql Failed java.sql.SQLException: ORA-00942: table or view does not exist

27-Sep-13 16:27:15 FLEETDM-5_DDL_PATCH_FOR_CREATING_TABLE_NUMBER_PATTERN.sql Success
27-Sep-13 16:27:16 FLEETDM-6_DDL_PATCH_TO_CREATE_CUSTOMR_LOCATION_CNTCTS.sql Success
27-Sep-13 16:27:16 FLEETDM-7_DDL_PATCH_CREATE_FEET_INVENTORYITEM.sql Success
27-Sep-13 16:27:16 FLEETDM-7_DDL_REF_PATCH_CREATE_FEET_INVENTORYITEM.sql Success
27-Sep-13 16:27:16 FLEETDM-8_DDL_PATCH_CREATE_JBPM_POOLEDACTOR.sql Success
27-Sep-13 16:27:17 FLEETDM-9_DDL_PATCH_CREATE_JBPM_PROCESSDEFINITION.sql Success
27-Sep-13 16:27:17 FLEETDM-10_DDL_PATCH_CREATE_JBPM_PROCESSINSTANCE.sql Success
27-Sep-13 16:27:18 FLEETDM-11_DDL_PATCH_CREATE_JBPM_RUNTIMEACTION.sql Success
27-Sep-13 16:27:18 FLEETDM-12_DDL_CREATE_+JBPM_TABLES.sql Failed java.sql.SQLException: ORA-00904: : invalid identifier

27-Sep-13 16:28:36 FLEETDM-12_DDL_CREATE_+JBPM_TABLES.sql Success
27-Sep-13 16:28:37 FLEETDM-12_DDL_REF_PATCH_CREATE_JBPM_TABLES.sql Success
27-Sep-13 16:28:37 FLEETDM-13_DDL_PATCH_FOR_CREATING_PAYMENT_EXCPTNS_TABLE.sql Success
27-Sep-13 16:28:37 FLEETDM-14_DDL_PATCH_FOR_CREATING_PAYMENT_OVERRDS_TABLE.sql Success
27-Sep-13 16:28:37 FLEETDM-15_DDL_PATCH_FOR_CREATING_CONTRACT_TABLE.sql Success
27-Sep-13 16:28:38 FLEETDM-16_DDL_PATCH_FOR_CREATING_CONTRACT_AUDIT_TABLE.sql Success
27-Sep-13 16:28:38 FLEETDM-17_DDL_PATCH_TO_CREAT_CNTRCT_FR_APPL_MCHIN_TBLE.sql Success
27-Sep-13 16:28:38 FLEETDM-18_DDL_PATCH_TO_+CREATE_QUOTE_TABLE.sql Success
27-Sep-13 16:28:38 FLEETDM-18_DDL_PATCH_TO_CREATE_QUOTE_AUDIT_TABLE.sql Success
27-Sep-13 16:28:39 FLEETDM-19_DDL_PATCH_TO_CREAT_CNTRCT_FR_DLR_GRUPS_TABLE.sql Success
27-Sep-13 16:28:39 FLEETDM-20_DDL_PATCH_CREAT_CNTRCT_FR_SRVC_PRVIDRS_TABLE.sql Success
27-Sep-13 16:28:39 FLEETDM-21_DDL_PATCH_TO_CREATE_FLT_CNTRT_ATTCHMNTS_TBLE.sql Success
27-Sep-13 16:28:40 FLEETDM-22_DDL_PATCH_CREATE_TECHNICIAN_DETAIL.sql Success
27-Sep-13 16:28:40 FLEETDM-23_DDL_PATCH_CREATE_SERVICE_REQUEST.sql Success
27-Sep-13 16:28:40 FLEETDM-23_DDL_PATCH_CREATE_TABLE_SERVICE_REQUEST_AUDIT.sql Failed java.sql.SQLException: ORA-00942: table or view does not exist

27-Sep-13 16:35:05 FLEETDM-23_DDL_PATCH_CREATE_TABLE_SERVICE_REQUEST_AUDIT.sql Failed java.sql.SQLException: ORA-00955: name is already used by an existing object

27-Sep-13 16:35:42 FLEETDM-23_DDL_PATCH_CREATE_TABLE_SERVICE_REQUEST_AUDIT.sql Success
27-Sep-13 16:35:42 FLEETDM-23_DDL_REF_PATCH_CREATE_SERVICE_REQUEST.sql Success
27-Sep-13 16:35:42 FLEETDM-23_DDL_REF_PATCH_CREATE_TABLE_SERVICE_REQUEST_AUDIT.sql Success
27-Sep-13 16:35:43 FLEETDM-24_DDL_PATCH_FOR_CREATING_CONFIG_PARAM.sql Failed java.sql.SQLException: ORA-00922: missing or invalid option

27-Sep-13 16:38:47 FLEETDM-24_DDL_PATCH_FOR_CREATING_CONFIG_PARAM.sql Success
27-Sep-13 16:38:47 FLEETDM-25_DDL_PATCH_CREATE_COST_CATEGORY.sql Success
27-Sep-13 16:38:47 FLEETDM-27_DDL_PATCH_TO_CREATE_SYNONYM.sql Failed java.sql.SQLException: ORA-01471: cannot create a synonym with same name as object

27-Sep-13 16:42:23 FLEETDM-27_DDL_PATCH_TO_CREATE_SYNONYM.sql Failed java.sql.SQLException: ORA-00900: invalid SQL statement

27-Sep-13 16:43:02 FLEETDM-28_DML_PATCH_FOR_CONFIG_PARAM_TABLES.sql Failed java.sql.SQLException: ORA-00942: table or view does not exist

27-Sep-13 16:50:56 FLEETDM-29_DDL_MANAGE_SERVICE_CODES_ADMIN.sql Failed java.sql.SQLException: ORA-01031: insufficient privileges

27-Sep-13 16:52:29 FLEETDM-29_DDL_MANAGE_SERVICE_CODES_ADMIN.sql Success
27-Sep-13 16:52:29 FLEETDM-30_DDL_PATCH_CREATE_TRAVEL_RATE_EXCEPTIONS.sql Success
27-Sep-13 16:52:29 FLEETDM-31_DDL_PATCH_CREATE_NON_OEM_PART_EXCEPTIONS.sql Success
27-Sep-13 16:52:30 FLEETDM-32_DDL_PATCH_CREATE_PMT_EXPT_FOR_NON_OEM_PRT.sql Success
27-Sep-13 16:52:30 FLEETDM-33_DDL_PATCH_CREATE_MISCELLANEOUS_EXCEPTIONS.sql Success
27-Sep-13 16:52:30 FLEETDM-34_DDL_PATCH_CREATE_PMT_EXPT_FOR_DRAYAGE.sql Failed java.sql.SQLException: ORA-00942: table or view does not exist

27-Sep-13 16:57:05 FLEETDM-34_DDL_PATCH_CREATE_PMT_EXPT_FOR_DRAYAGE.sql Failed java.sql.SQLException: ORA-00904: : invalid identifier

27-Sep-13 16:57:37 FLEETDM-34_DDL_PATCH_CREATE_PMT_EXPT_FOR_DRAYAGE.sql Success
27-Sep-13 16:57:37 FLEETDM-35_DDL_PATCH_TO_+CREATE_TABLE_DRAYAGE_EXCEPTIONS.sql Failed java.sql.SQLException: ORA-01031: insufficient privileges

27-Sep-13 16:58:35 FLEETDM-35_DDL_PATCH_TO_+CREATE_TABLE_DRAYAGE_EXCEPTIONS.sql Success
27-Sep-13 16:58:35 FLEETDM-35_DDL_PATCH_TO_CREATE_TABLE_PMT_OVRDS_SERVICE_CODES.sql Success
27-Sep-13 16:58:35 FLEETDM-35_DDL_PATCH_TO_CREATE_TABLE_TAX_DETAILS_APPL_CONTRACTS.sql Success
27-Sep-13 16:58:35 FLEETDM-36_DDL_PATCH_FOR_CREATING_LABOR_PAYMENT_EXCEPTIONS.sql Success
27-Sep-13 16:58:35 FLEETDM-37_DDL_PATCH_CREATE_CONTACT_EVENT_STATES.sql Success
27-Sep-13 16:58:35 FLEETDM-37_DDL_PATCH_CREATE_OEM_PART_EXCEPTIONS.sql Success
27-Sep-13 16:58:35 FLEETDM-37_DDL_PATCH_CREATE_SALES_RANGE.sql Success
27-Sep-13 16:58:36 FLEETDM-37_DDL_PATCH_CREATE_SERVICE_CODE_EXCEPTIONS.sql Success
27-Sep-13 16:58:36 FLEETDM-38_DDL_PATCH_FOR_CREATING_COSTCAT_APPL_CONTRACTS.sql Success
27-Sep-13 16:58:36 FLEETDM-39_DDL_PATCH_FOR_CREATING_PMT_EXPT_FOR_LABOR_RATES.sql Success
27-Sep-13 16:58:36 FLEETDM-40_DDL_PATCH_FOR_CREATING_PMT_EXPT_FOR_OEM_PRT.sql Success
27-Sep-13 16:58:36 FLEETDM-41_DDL_PATCH_FOR_CREATING_TAX_DETAILS.sql Success
27-Sep-13 16:58:36 FLEETDM-42_DDL_PATCH_TO_CREATE_LABOR_RATE_EXCEPTIONS.sql Success
27-Sep-13 16:58:36 FLEETDM-43_DDL_PATCH_TO_CREATE_MISC_PMT_EXCPTNS_TABLE.sql Success
27-Sep-13 16:58:36 FLEETDM-44_DDL_PATCH_TO_CREATE_PMT_EXPT_FOR_TRVL_RATES.sql Success
27-Sep-13 16:58:36 FLEETDM-45_DDL_PATCH_TO_CREATE_PMT_OVRDS_FOR_LABOR.sql Success
27-Sep-13 16:58:36 FLEETDM-46_DDL_PATCH_TO_CREATE_TRVL_MTRX_APPL_CNTRCTS.sql Success
27-Sep-13 16:58:37 FLEETDM-47_DDL_PATCH_TO_CREATE_TRAVEL_MATRIX_TABLE.sql Success
27-Sep-13 16:58:37 FLEETDM-48_DDL_PATCH_TO_CREATE_CONFIG_PARAM_OPTION.sql Success
27-Sep-13 16:58:37 FLEETDM-49_DDL_PATCH_FOR_CONFIG_PARAM_OPTIONS_MAPPING.sql Success
27-Sep-13 16:58:37 FLEETDM-50_DDL_PATCH_FOR_CREATE_CONFIG_VALUE.sql Success
27-Sep-13 16:58:37 FLEETDM-51_DDL_PATCH_TO_CREATE_ABSTRACT_NOTIFICATION_MESSAGE.sql Success
27-Sep-13 16:58:37 FLEETDM-52_DDL_PATCH_TO_CREATE_ATTR_VALUE.sql Success
27-Sep-13 16:58:38 FLEETDM-53_DDL_PATCH_TO_CREATE_ATTRIBUTE.sql Success
27-Sep-13 16:58:38 FLEETDM-54_DDL_PATCH_TO_CREATE_DEFAULT_FOLDER_VIEW.sql Success
27-Sep-13 16:58:38 FLEETDM-55_DDL_PATCH_TO_CREATE_DOCUMENT.sql Failed java.sql.SQLException: ORA-00922: missing or invalid option

27-Sep-13 17:01:27 FLEETDM-56_DDL_PATCH_TO_CREATE_I18NLOV_TEXT.sql Failed java.sql.SQLException: ORA-00904: : invalid identifier

27-Sep-13 17:02:57 FLEETDM-56_DDL_PATCH_TO_CREATE_I18NLOV_TEXT.sql Failed java.sql.SQLException: ORA-00955: name is already used by an existing object

27-Sep-13 17:08:05 FLEETDM-56_DDL_PATCH_TO_CREATE_I18NLOV_TEXT.sql Failed java.sql.SQLException: ORA-00922: missing or invalid option

27-Sep-13 17:08:59 FLEETDM-56_DDL_PATCH_TO_CREATE_I18NLOV_TEXT.sql Success
27-Sep-13 17:09:00 FLEETDM-57_DDL_PATCH_TO_CREATE_INBOX_VIEW.sql Success
27-Sep-13 17:09:00 FLEETDM-58_DDL_PATCH_TO_CREATE_LIST_OF_VALUES.sql Failed java.sql.SQLException: ORA-00922: missing or invalid option

27-Sep-13 17:10:19 FLEETDM-58_DDL_PATCH_TO_CREATE_LIST_OF_VALUES.sql Success
27-Sep-13 17:10:20 FLEETDM-59_DDL_PATCH_TO_CREATE-NOTIFICATION_EVENT.sql Success
27-Sep-13 17:10:20 FLEETDM-60_DDL_PATCH_TO_CREATE_NOTIFICATION_MESSAGE_PARAMETER.sql Success
27-Sep-13 17:10:21 FLEETDM-61_DDL_PATCH_TO_CREATE_NOTIFICATION_PARAMETER.sql Success
27-Sep-13 17:10:22 FLEETDM-62_DDL_PATCH_TO_CREATE_USER_ATTR_VALUE.sql Success
27-Sep-13 17:10:23 FLEETDM-63_DDL_PATCH_TO_CREATE_USER_GROUP_ATTR_VALUE.sql Success
27-Sep-13 17:10:25 FLEETDM-64_DML_ADDING_COLUMNS_TO_QUOTE_AUDIT.sql Success
27-Sep-13 17:10:29 FLEETDM-64_DML_REMOVING_COLUMNS_FROM_QUOTE_AUDIT.sql Success
27-Sep-13 17:10:29 FLEETDM-65_DDL_PATCH_TO_+ALTER_FLEET_CUSTOMER_TABLE.sql Failed java.sql.SQLException: ORA-02431: cannot disable constraint (FC_CUSTOMER_BILL_TO_FK) - no such constraint

27-Sep-13 17:12:33 FLEETDM-66_DDL_PATCH_TO_+ALTER_CUSTOMER_LOCATIONS_TABLE.sql Success
27-Sep-13 17:12:33 FLEETDM-67_DML_PATCH_TO_INSERT_VALUES_FOR_PERMISSIONS.sql Failed java.sql.SQLException: ORA-02289: sequence does not exist

27-Sep-13 17:16:35 FLEETDM-68_DDL_PATCH_TO_ALTER_CUSTOMER_CONTACT_TABLE.sql Success
27-Sep-13 17:16:35 FLEETDM-28_DML_PATCH_FOR_CONFIG_PARAM_TABLES.sql Success
27-Sep-13 17:16:36 FLEETDM-1_DDL_REFR_FOR_CUSTOMER_LOCATIONS_TABLE.sql Success
27-Sep-13 17:16:36 FLEETDM-2_DDL_REFR_PATCH_TO_CREATE_FLEET_CUSTOMER_TABLE.sql Failed java.sql.SQLException: ORA-01735: invalid ALTER TABLE option

27-Sep-13 17:18:49 FLEETDM-2_DDL_REFR_PATCH_TO_CREATE_FLEET_CUSTOMER_TABLE.sql Success
27-Sep-13 17:18:49 FLEETDM-4_DDL__REFR_PATCH_TO_CRT_CUSTOMER_CONTACTS_TBLE.sql Failed java.sql.SQLException: ORA-01735: invalid ALTER TABLE option

27-Sep-13 17:19:39 FLEETDM-4_DDL__REFR_PATCH_TO_CRT_CUSTOMER_CONTACTS_TBLE.sql Success
27-Sep-13 17:19:39 FLEETDM-6_DDL_REFR_FOR_CUSTOMR_LOCATION_CNTCTS.sql Success
27-Sep-13 17:19:39 FLEETDM-15_DDL_REFR_PATCH_FOR_CREATING_CONTRACT_TABLE.sql Failed java.sql.SQLException: ORA-01735: invalid ALTER TABLE option

27-Sep-13 17:20:17 FLEETDM-15_DDL_REFR_PATCH_FOR_CREATING_CONTRACT_TABLE.sql Success
27-Sep-13 17:20:17 FLEETDM-16_DDL_REFR_PATCH_TO_CREATE_CONTRACT_AUDIT_TBLE.sql Failed java.sql.SQLException: ORA-01735: invalid ALTER TABLE option

27-Sep-13 17:20:39 FLEETDM-16_DDL_REFR_PATCH_TO_CREATE_CONTRACT_AUDIT_TBLE.sql Success
27-Sep-13 17:20:39 FLEETDM-17_DDL_REFR_PTCH_TO_CRT_CNTRCT_FR_APPL_MCHN_TBL.sql Failed java.sql.SQLException: ORA-01735: invalid ALTER TABLE option

27-Sep-13 17:21:26 FLEETDM-17_DDL_REFR_PTCH_TO_CRT_CNTRCT_FR_APPL_MCHN_TBL.sql Success
27-Sep-13 17:21:26 FLEETDM-18_DDL_REFR_PATCH_TO_ADD_CONSTRAINT_ON_QUOTE_TABLE.sql Success
27-Sep-13 17:21:26 FLEETDM-18_DDL_REFR_PATCH_TO_ADD_CONSTRAINTS_ON_QUOTE_AUDIT_TABLE.sql Failed java.sql.SQLException: ORA-01735: invalid ALTER TABLE option

27-Sep-13 17:23:06 FLEETDM-18_DDL_REFR_PATCH_TO_ADD_CONSTRAINTS_ON_QUOTE_AUDIT_TABLE.sql Failed java.sql.SQLException: ORA-00904: "UPDATED_BY": invalid identifier

27-Sep-13 20:16:28 FLEETDM-18_DDL_REFR_PATCH_TO_ADD_CONSTRAINTS_ON_QUOTE_AUDIT_TABLE.sql Failed java.sql.SQLException: ORA-00942: table or view does not exist

27-Sep-13 20:56:53 FLEETDM-19_DDL_REFR_PTCH_TO_CRT_CNTRCT_FR_DLR_GRUPS_TBL.sql Failed java.sql.SQLException: ORA-01735: invalid ALTER TABLE option

27-Sep-13 20:58:24 FLEETDM-19_DDL_REFR_PTCH_TO_CRT_CNTRCT_FR_DLR_GRUPS_TBL.sql Success
27-Sep-13 20:58:24 FLEETDM-20_DDL_REFR_PTCH_CRT_CNTRCT_FR_SRVC_PRVIDRS_TBL.sql Failed java.sql.SQLException: ORA-01735: invalid ALTER TABLE option

27-Sep-13 20:59:00 FLEETDM-20_DDL_REFR_PTCH_CRT_CNTRCT_FR_SRVC_PRVIDRS_TBL.sql Success
27-Sep-13 20:59:00 FLEETDM-21_DDL_REFR_PTCH_TO_CRT_FLT_CNTRT_ATTCHMNTS_TBL.sql Failed java.sql.SQLException: ORA-01735: invalid ALTER TABLE option

27-Sep-13 21:05:30 FLEETDM-21_DDL_REFR_PTCH_TO_CRT_FLT_CNTRT_ATTCHMNTS_TBL.sql Success
27-Sep-13 21:05:30 FLEETDM-24_REFR_PATCH_FOR_CREATING_CONFIG_PARAM.sql Failed java.sql.SQLException: ORA-01735: invalid ALTER TABLE option

27-Sep-13 21:07:01 FLEETDM-24_REFR_PATCH_FOR_CREATING_CONFIG_PARAM.sql Success
27-Sep-13 21:07:01 FLEETDM-34_DDL_REFR_PATCH_CREATE_PMT_EXPT_FOR_DRAYAGE.sql Failed java.sql.SQLException: ORA-00940: invalid ALTER command

27-Sep-13 21:08:53 FLEETDM-34_DDL_REFR_PATCH_CREATE_PMT_EXPT_FOR_DRAYAGE.sql Failed java.sql.SQLException: ORA-00940: invalid ALTER command

27-Sep-13 21:09:50 FLEETDM-34_DDL_REFR_PATCH_CREATE_PMT_EXPT_FOR_DRAYAGE.sql Success
27-Sep-13 21:09:50 FLEETDM-35_DDL_REFR_PATCH_TO_ADD_CONSTRAINS_ON_TAX_DETAILS_APPL_CONTRACTS_TABLE.sql Failed java.sql.SQLException: ORA-01735: invalid ALTER TABLE option

27-Sep-13 21:10:25 FLEETDM-35_DDL_REFR_PATCH_TO_ADD_CONSTRAINS_ON_TAX_DETAILS_APPL_CONTRACTS_TABLE.sql Success
27-Sep-13 21:10:25 FLEETDM-35_DDL_REFR_PATCH_TO_ADD_CONSTRAINT_ON_+DRAYAGE_EXCEPTIONS_TABLE.sql Failed java.sql.SQLException: ORA-01735: invalid ALTER TABLE option

27-Sep-13 21:11:04 FLEETDM-35_DDL_REFR_PATCH_TO_ADD_CONSTRAINT_ON_+DRAYAGE_EXCEPTIONS_TABLE.sql Success
27-Sep-13 21:11:04 FLEETDM-35_DDL_REFR_PATCH_TO_ADD_CONSTRAINTS_ON_PMT_OVRDS_SERVICE_CODES_TABLE.sql Failed java.sql.SQLException: ORA-00903: invalid table name

27-Sep-13 21:13:04 FLEETDM-35_DDL_REFR_PATCH_TO_ADD_CONSTRAINTS_ON_PMT_OVRDS_SERVICE_CODES_TABLE.sql Success
27-Sep-13 21:13:05 FLEETDM-36_DDL_REFR_PATCH_FOR_CREATING_LABOR_PAYMENT_EXCEPTIONS.sql Failed java.sql.SQLException: ORA-01735: invalid ALTER TABLE option

27-Sep-13 21:14:26 FLEETDM-36_DDL_REFR_PATCH_FOR_CREATING_LABOR_PAYMENT_EXCEPTIONS.sql Success
27-Sep-13 21:14:26 FLEETDM-38_DDL_REFR_PATCH_FOR_CREATING_COSTCAT_APPL_CONTRACTS.sql Success
27-Sep-13 21:14:26 FLEETDM-39_DDL_REFR_PATCH_FOR_CREATING_PMT_EXPT_FOR_LABOR_RATES.sql Failed java.sql.SQLException: ORA-01735: invalid ALTER TABLE option

27-Sep-13 21:15:25 FLEETDM-39_DDL_REFR_PATCH_FOR_CREATING_PMT_EXPT_FOR_LABOR_RATES.sql Success
27-Sep-13 21:15:25 FLEETDM-40_DDL_REFR_PATCH_FOR_CREATING_PMT_EXPT_FOR_OEM_PRT.sql Success
27-Sep-13 21:15:25 FLEETDM-42_DDL_REFR_PATCH_FOR_LABOR_RATE_EXCEPTIONS.sql Success
27-Sep-13 21:15:25 FLEETDM-43_DDL_REFR_PATCH_FOR_MISC_PMT_EXCPTNS.sql Success
27-Sep-13 21:15:26 FLEETDM-44_DDL_REFR_PATCH_FOR_PMT_EXPT_FOR_TRVL_RTES.sql Success
27-Sep-13 21:15:26 FLEETDM-45_DDL_REFR_PATCH_FOR_PMT_OVRDS_FOR_LABOR.sql Success
27-Sep-13 21:15:26 FLEETDM-46_DDL_REFR_PATCH_FOR_TRAVEL_MTRX_APPL_CNTRCTS.sql Success
27-Sep-13 21:15:26 FLEETDM-47_DDL_REFR_PATCH_FOR_TRAVEL_MATRIX.sql Success
27-Sep-13 21:15:26 FLEETDM-49_DDL_REFR_PATCH_FOR_CREATING_CONFIG_PARAM_OPTIONS_MAPPING.sql Failed java.sql.SQLException: ORA-01735: invalid ALTER TABLE option

27-Sep-13 21:16:21 FLEETDM-49_DDL_REFR_PATCH_FOR_CREATING_CONFIG_PARAM_OPTIONS_MAPPING.sql Failed java.sql.SQLException: ORA-01735: invalid ALTER TABLE option

27-Sep-13 21:16:52 FLEETDM-49_DDL_REFR_PATCH_FOR_CREATING_CONFIG_PARAM_OPTIONS_MAPPING.sql Failed java.sql.SQLException: ORA-02298: cannot validate (NACCO_FLEET_QA.CFG_PARAM_MAP_CFG_PARAM_ID_FK) - parent keys not found

27-Sep-13 21:30:18 FLEETDM-49_DDL_REFR_PATCH_FOR_CREATING_CONFIG_PARAM_OPTIONS_MAPPING.sql Success
27-Sep-13 21:30:18 FLEETDM-50_DDL_REFR_PATCH_FOR_CREATE_CONFIG_VALUE.sql Failed java.sql.SQLException: ORA-01735: invalid ALTER TABLE option

27-Sep-13 21:30:51 FLEETDM-50_DDL_REFR_PATCH_FOR_CREATE_CONFIG_VALUE.sql Failed java.sql.SQLException: ORA-02298: cannot validate (NACCO_FLEET_QA.CONFIG_VALUE_BU_FK) - parent keys not found

27-Sep-13 21:38:24 FLEETDM-50_DDL_REFR_PATCH_FOR_CREATE_CONFIG_VALUE.sql Failed java.sql.SQLException: ORA-02275: such a referential constraint already exists in the table

27-Sep-13 21:39:22 FLEETDM-50_DDL_REFR_PATCH_FOR_CREATE_CONFIG_VALUE.sql Success
27-Sep-13 21:39:22 FLEETDM-52_DDL_REFR_PATCH_TO_CREATE_ATTR_VALUE.sql Failed java.sql.SQLException: ORA-01735: invalid ALTER TABLE option

27-Sep-13 21:47:08 FLEETDM-52_DDL_REFR_PATCH_TO_CREATE_ATTR_VALUE.sql Success
27-Sep-13 21:47:08 FLEETDM-53_DDL_REFR_PATCH_TO_CREATE_ATTRIBUTE.sql Failed java.sql.SQLException: ORA-01735: invalid ALTER TABLE option

27-Sep-13 21:48:06 FLEETDM-53_DDL_REFR_PATCH_TO_CREATE_ATTRIBUTE.sql Success
27-Sep-13 21:48:06 FLEETDM-54_DDL_REFR_PATCH_TO_CREATE_DEFAULT_FOLDER_VIEW.sql Failed java.sql.SQLException: ORA-01735: invalid ALTER TABLE option

27-Sep-13 21:49:17 FLEETDM-54_DDL_REFR_PATCH_TO_CREATE_DEFAULT_FOLDER_VIEW.sql Success
27-Sep-13 21:49:17 FLEETDM-55_DDL_REFR_PATCH_TO_CREATE_DOCUMENT.sql Failed java.sql.SQLException: ORA-01735: invalid ALTER TABLE option

27-Sep-13 21:50:22 FLEETDM-55_DDL_REFR_PATCH_TO_CREATE_DOCUMENT.sql Failed java.sql.SQLException: ORA-01735: invalid ALTER TABLE option

27-Sep-13 21:51:24 FLEETDM-55_DDL_REFR_PATCH_TO_CREATE_DOCUMENT.sql Failed java.sql.SQLException: ORA-01735: invalid ALTER TABLE option

27-Sep-13 21:52:28 FLEETDM-55_DDL_REFR_PATCH_TO_CREATE_DOCUMENT.sql Failed java.sql.SQLException: ORA-00942: table or view does not exist

27-Sep-13 22:01:27 FLEETDM-56_DDL_REFR_PATCH_TO_CREATE_I18NLOV_TEXT.sql Failed java.sql.SQLException: ORA-01735: invalid ALTER TABLE option

27-Sep-13 22:02:30 FLEETDM-56_DDL_REFR_PATCH_TO_CREATE_I18NLOV_TEXT.sql Failed java.sql.SQLException: ORA-01735: invalid ALTER TABLE option

27-Sep-13 22:03:02 FLEETDM-56_DDL_REFR_PATCH_TO_CREATE_I18NLOV_TEXT.sql Success
27-Sep-13 22:03:02 FLEETDM-57_DDL_REFR_PATCH_TO_CREATE_INBOX_VIEW.sql Failed java.sql.SQLException: ORA-01735: invalid ALTER TABLE option

27-Sep-13 22:10:40 FLEETDM-57_DDL_REFR_PATCH_TO_CREATE_INBOX_VIEW.sql Success
27-Sep-13 22:10:40 FLEETDM-58_DDL_REFR_PATCH_TO_CREATE_LIST_OF_VALUES.sql Failed java.sql.SQLException: ORA-01735: invalid ALTER TABLE option

27-Sep-13 22:11:10 FLEETDM-58_DDL_REFR_PATCH_TO_CREATE_LIST_OF_VALUES.sql Success
27-Sep-13 22:11:10 FLEETDM-59_DDL_REFR_PATCH_TO_CREATE-NOTIFICATION_EVENT.sql Failed java.sql.SQLException: ORA-01735: invalid ALTER TABLE option

27-Sep-13 22:11:44 FLEETDM-59_DDL_REFR_PATCH_TO_CREATE-NOTIFICATION_EVENT.sql Success
27-Sep-13 22:11:44 FLEETDM-60_DDL_REFR_PATCH_TO_CREATE_NOTIFICATION_MESSAGE_PARAMETER.sql Failed java.sql.SQLException: ORA-01735: invalid ALTER TABLE option

27-Sep-13 22:12:08 FLEETDM-60_DDL_REFR_PATCH_TO_CREATE_NOTIFICATION_MESSAGE_PARAMETER.sql Failed java.sql.SQLException: ORA-01735: invalid ALTER TABLE option

27-Sep-13 22:12:36 FLEETDM-60_DDL_REFR_PATCH_TO_CREATE_NOTIFICATION_MESSAGE_PARAMETER.sql Success
27-Sep-13 22:12:36 FLEETDM-61_DDL_REFR_PATCH_TO_CREATE_NOTIFICATION_PARAMETER.sql Failed java.sql.SQLException: ORA-01735: invalid ALTER TABLE option

27-Sep-13 22:13:37 FLEETDM-61_DDL_REFR_PATCH_TO_CREATE_NOTIFICATION_PARAMETER.sql Success
27-Sep-13 22:13:37 FLEETDM-62_DDL_REFR_PATCH_TO_CREATE_USER_ATTR_VALUE.sql Success
27-Sep-13 22:13:37 FLEETDM-63_DDL_REFR_PATCH_TO_CREATE_USER_GROUP_ATTR_VALUE.sql Success
27-Sep-13 22:13:38 FLEETDM-65_DDL_PATCH_TO_+ALTER_FLEET_CUSTOMER_TABLE.sql Failed java.sql.SQLException: ORA-00957: duplicate column name

27-Sep-13 22:17:29 FLEETDM-65_DDL_PATCH_TO_+ALTER_FLEET_CUSTOMER_TABLE.sql Success
27-Sep-13 22:53:13 FLEETDM-67_DML_PATCH_TO_INSERT_VALUES_FOR_PERMISSIONS.sql Failed java.sql.SQLException: ORA-00942: table or view does not exist

27-Sep-13 23:01:24 FLEETDM-67_DML_PATCH_TO_INSERT_VALUES_FOR_PERMISSIONS.sql Failed java.sql.SQLException: ORA-02289: sequence does not exist

27-Sep-13 23:08:58 FLEETDM-67_DML_PATCH_TO_INSERT_VALUES_FOR_PERMISSIONS.sql Failed java.sql.SQLException: ORA-01400: cannot insert NULL into ("NACCO_UAT_TESTING"."ROLE_PERMISSION_MAPPING"."ROLE_DEF_ID")

30-Sep-13 13:12:47 FLEETDM-18_DDL_REFR_PATCH_TO_ADD_CONSTRAINTS_ON_QUOTE_AUDIT_TABLE.sql Failed java.sql.SQLException: ORA-02275: such a referential constraint already exists in the table

30-Sep-13 13:14:13 FLEETDM-18_DDL_REFR_PATCH_TO_ADD_CONSTRAINTS_ON_QUOTE_AUDIT_TABLE.sql Failed java.sql.SQLException: ORA-00900: invalid SQL statement

30-Sep-13 13:17:53 FLEETDM-18_DDL_REFR_PATCH_TO_ADD_CONSTRAINTS_ON_QUOTE_AUDIT_TABLE.sql Failed java.sql.SQLException: ORA-02275: such a referential constraint already exists in the table

30-Sep-13 13:38:26 FLEETDM-18_DDL_REFR_PATCH_TO_ADD_CONSTRAINTS_ON_QUOTE_AUDIT_TABLE.sql Failed java.sql.SQLException: ORA-00900: invalid SQL statement

30-Sep-13 13:39:31 FLEETDM-18_DDL_REFR_PATCH_TO_ADD_CONSTRAINTS_ON_QUOTE_AUDIT_TABLE.sql Failed java.sql.SQLException: ORA-02275: such a referential constraint already exists in the table

30-Sep-13 13:41:19 FLEETDM-18_DDL_REFR_PATCH_TO_ADD_CONSTRAINTS_ON_QUOTE_AUDIT_TABLE.sql Success
30-Sep-13 15:25:33 FLEETDM-67_DML_PATCH_TO_INSERT_VALUES_FOR_PERMISSIONS.sql Success
03-Oct-13 20:54:34 FLEETDM-70_DDL_PATCH_TO_ALTER_CUSTOMER_LOCATIONS_TABLE.sql Failed java.sql.SQLException: ORA-01430: column being added already exists in table

03-Oct-13 20:59:26 FLEETDM-70_DDL_PATCH_TO_ALTER_CUSTOMER_LOCATIONS_TABLE.sql Failed java.sql.SQLException: ORA-01430: column being added already exists in table

04-Oct-13 11:47:37 FLEETDM-70_DDL_PATCH_TO_ALTER_CUSTOMER_LOCATIONS_TABLE.sql Failed java.sql.SQLException: ORA-01430: column being added already exists in table

04-Oct-13 11:48:43 FLEETDM-71_DDL_PATCH_TO_ALTER_QUOTE_AUDIT_TABLE.sql Success
04-Oct-13 16:00:38 FLEETDM-72_DDL_PATCH_TO_CREATE_TABLE_SERVICE_INFORMATION.sql Failed java.sql.SQLException: ORA-00955: name is already used by an existing object

04-Oct-13 16:01:52 FLEETDM-72_DDL_PATCH_TO_CREATE_TABLE_SERVICE_INFORMATION.sql Success
04-Oct-13 16:01:52 FLEETDM-72_DDL_REFR_PATCH_TO_ADD_CONSTRAINS_ON_SERVICE_INFORMATION_TABLE.sql Success
04-Oct-13 16:01:52 FLEETDM-73_DDL_PATCH_TO_CREATE_TABLE_SERVICE.sql Failed java.sql.SQLException: ORA-00955: name is already used by an existing object

04-Oct-13 16:08:34 FLEETDM-73_DDL_PATCH_TO_CREATE_TABLE_SERVICE.sql Failed java.sql.SQLException: ORA-00955: name is already used by an existing object

04-Oct-13 16:13:27 FLEETDM-73_DDL_PATCH_TO_CREATE_TABLE_SERVICE.sql Failed java.sql.SQLException: ORA-00955: name is already used by an existing object

04-Oct-13 16:15:12 FLEETDM-73_DDL_PATCH_TO_CREATE_TABLE_SERVICE.sql Success
04-Oct-13 16:15:12 FLEETDM-74_DDL_PATCH_TO_CREATE_SEQUENCE_SEQ_PARTREPLACED.sql Failed java.sql.SQLException: ORA-00955: name is already used by an existing object

04-Oct-13 16:17:39 FLEETDM-74_DDL_PATCH_TO_CREATE_SEQUENCE_SEQ_PARTREPLACED.sql Success
04-Oct-13 16:17:39 FLEETDM-74_DDL_PATCH_TO_CREATE_TABLE_INSTALLED_PARTS.sql Success
04-Oct-13 16:17:39 FLEETDM-74_DDL_PATCH_TO_CREATE_TABLE_MISC_PART_INSTALLED.sql Success
04-Oct-13 16:17:40 FLEETDM-74_DDL_PATCH_TO_CREATE_TABLE_MISC_PARTS_INSTALLED.sql Success
04-Oct-13 16:17:40 FLEETDM-74_DDL_PATCH_TO_CREATE_TABLE_NON_OEM_PART_REPLACED.sql Success
04-Oct-13 16:17:40 FLEETDM-74_DDL_PATCH_TO_CREATE_TABLE_NON_OEM_PARTS_INSTALLED.sql Success
04-Oct-13 16:17:40 FLEETDM-74_DDL_PATCH_TO_CREATE_TABLE_OEM_PARTS_REPLACED.sql Success
04-Oct-13 16:17:40 FLEETDM-74_DDL_PATCH_TO_CREATE_TABLE_PARTS_REPLACED.sql Success
04-Oct-13 16:17:40 FLEETDM-72_DDL_REFR_PATCH_TO_ADD_CONSTRAINS_ON_SERVICE_INFORMATION_TABLE.sql Failed java.sql.SQLException: ORA-02275: such a referential constraint already exists in the table

04-Oct-13 16:19:12 FLEETDM-72_DDL_REFR_PATCH_TO_ADD_CONSTRAINS_ON_SERVICE_INFORMATION_TABLE.sql Success
04-Oct-13 16:19:12 FLEETDM-73_DDL_REFR_PATCH_TO_ADD_CONSTRAINS_ON_SERVICE_TABLE.sql Success
04-Oct-13 16:19:12 FLEETDM-74_DDL_REFR_PATCH_TO_ADD_CONSTRAINS_ON_INSTALLED_PARTS_TABLE.sql Success
04-Oct-13 16:19:13 FLEETDM-74_DDL_REFR_PATCH_TO_ADD_CONSTRAINS_ON_MISC_PART_INSTALLED_TABLE.sql Success
04-Oct-13 16:19:13 FLEETDM-74_DDL_REFR_PATCH_TO_ADD_CONSTRAINS_ON_MISC_PARTS_INSTALLED_TABLE.sql Success
04-Oct-13 16:19:13 FLEETDM-74_DDL_REFR_PATCH_TO_ADD_CONSTRAINS_ON_NON_OEM_PARTS_INSTALLED_TABLE.sql Success
04-Oct-13 16:19:13 FLEETDM-74_DDL_REFR_PATCH_TO_ADD_CONSTRAINS_ON_OEM_PARTS_REPLACED_TABLE.sql Success
04-Oct-13 16:19:13 FLEETDM-74_DDL_REFR_PATCH_TO_ADD_CONSTRAINS_ON_PARTS_REPLACED_TABLE.sql Failed java.sql.SQLException: ORA-00942: table or view does not exist

04-Oct-13 16:24:11 FLEETDM-74_DDL_REFR_PATCH_TO_ADD_CONSTRAINS_ON_PARTS_REPLACED_TABLE.sql Success
15-Oct-13 17:11:12 FLEETDM-75_DDL_PATCH_TO_CREATE_SYNC_STATUS_TABLE.sql Success
15-Oct-13 17:11:12 FLEETDM-76_DDL_PATCH_TO_CREATE_SYNC_TRACKER_TABLE.sql Success
15-Oct-13 17:11:13 FLEETDM-77_DDL_PATCH_TO_ALTER_SERVICE_TABLE.sql Success
15-Oct-13 17:11:13 FLEETDM-78_DDL_PATCH_TO_ALTER_TECHNICIAN_DETAIL_TABLE.sql Success
15-Oct-13 17:11:13 FLEETDM-75_REFR_PATCH_TO_ALTER_SYNC_STATUS_TABLE.sql Success
15-Oct-13 17:11:14 FLEETDM-76_REFR_PATCH_TO_ALTER_SYNC_TRACKER_TABLE.sql Success
